  enemyNode.cpp
C:\Users\admin\Desktop\산기대\3학년 2학기\네트워크게임프로그래밍\텀프로젝트\2020_NGP_final\client\finalProject\stdafx.h(79,25): warning C4244: '초기화 중': 'int'에서 'float'(으)로 변환하면서 데이터가 손실될 수 있습니다.
C:\Users\admin\Desktop\산기대\3학년 2학기\네트워크게임프로그래밍\텀프로젝트\2020_NGP_final\client\finalProject\stdafx.h(79,31): warning C4244: '초기화 중': 'int'에서 'float'(으)로 변환하면서 데이터가 손실될 수 있습니다.
C:\Users\admin\Desktop\산기대\3학년 2학기\네트워크게임프로그래밍\텀프로젝트\2020_NGP_final\client\finalProject\stdafx.h(87,8): warning C4244: '=': 'LONG'에서 'float'(으)로 변환하면서 데이터가 손실될 수 있습니다.
C:\Users\admin\Desktop\산기대\3학년 2학기\네트워크게임프로그래밍\텀프로젝트\2020_NGP_final\client\finalProject\stdafx.h(88,8): warning C4244: '=': 'LONG'에서 'float'(으)로 변환하면서 데이터가 손실될 수 있습니다.
C:\Users\admin\Desktop\산기대\3학년 2학기\네트워크게임프로그래밍\텀프로젝트\2020_NGP_final\client\finalProject\enemyNode.h(42,36): warning C4244: '=': 'int'에서 'float'(으)로 변환하면서 데이터가 손실될 수 있습니다.
C:\Users\admin\Desktop\산기대\3학년 2학기\네트워크게임프로그래밍\텀프로젝트\2020_NGP_final\client\finalProject\enemyNode.cpp(15,21): warning C4244: '인수': 'float'에서 'int'(으)로 변환하면서 데이터가 손실될 수 있습니다.
C:\Users\admin\Desktop\산기대\3학년 2학기\네트워크게임프로그래밍\텀프로젝트\2020_NGP_final\client\finalProject\enemyNode.cpp(15,16): warning C4244: '인수': 'float'에서 'int'(으)로 변환하면서 데이터가 손실될 수 있습니다.
C:\Users\admin\Desktop\산기대\3학년 2학기\네트워크게임프로그래밍\텀프로젝트\2020_NGP_final\client\finalProject\enemyNode.cpp(32,36): warning C4244: '인수': 'float'에서 'int'(으)로 변환하면서 데이터가 손실될 수 있습니다.
C:\Users\admin\Desktop\산기대\3학년 2학기\네트워크게임프로그래밍\텀프로젝트\2020_NGP_final\client\finalProject\enemyNode.cpp(32,27): warning C4244: '인수': 'float'에서 'int'(으)로 변환하면서 데이터가 손실될 수 있습니다.
C:\Users\admin\Desktop\산기대\3학년 2학기\네트워크게임프로그래밍\텀프로젝트\2020_NGP_final\client\finalProject\enemyNode.cpp(42,36): warning C4244: '인수': 'float'에서 'int'(으)로 변환하면서 데이터가 손실될 수 있습니다.
C:\Users\admin\Desktop\산기대\3학년 2학기\네트워크게임프로그래밍\텀프로젝트\2020_NGP_final\client\finalProject\enemyNode.cpp(42,27): warning C4244: '인수': 'float'에서 'int'(으)로 변환하면서 데이터가 손실될 수 있습니다.
C:\Users\admin\Desktop\산기대\3학년 2학기\네트워크게임프로그래밍\텀프로젝트\2020_NGP_final\client\finalProject\enemyNode.cpp(69,36): warning C4244: '인수': 'float'에서 'int'(으)로 변환하면서 데이터가 손실될 수 있습니다.
C:\Users\admin\Desktop\산기대\3학년 2학기\네트워크게임프로그래밍\텀프로젝트\2020_NGP_final\client\finalProject\enemyNode.cpp(69,27): warning C4244: '인수': 'float'에서 'int'(으)로 변환하면서 데이터가 손실될 수 있습니다.
C:\Users\admin\Desktop\산기대\3학년 2학기\네트워크게임프로그래밍\텀프로젝트\2020_NGP_final\client\finalProject\enemyNode.cpp(91,136): warning C4244: '인수': 'float'에서 'int'(으)로 변환하면서 데이터가 손실될 수 있습니다.
C:\Users\admin\Desktop\산기대\3학년 2학기\네트워크게임프로그래밍\텀프로젝트\2020_NGP_final\client\finalProject\enemyNode.cpp(91,124): warning C4244: '인수': 'float'에서 'int'(으)로 변환하면서 데이터가 손실될 수 있습니다.
C:\Users\admin\Desktop\산기대\3학년 2학기\네트워크게임프로그래밍\텀프로젝트\2020_NGP_final\client\finalProject\enemyNode.cpp(92,38): error C2664: 'void std::vector<Bullet,std::allocator<Bullet>>::push_back(_Ty &&)': 인수 1을(를) 'Bullet *'에서 'const _Ty &'(으)로 변환할 수 없습니다.
          with
          [
              _Ty=Bullet
          ]
C:\Users\admin\Desktop\산기대\3학년 2학기\네트워크게임프로그래밍\텀프로젝트\2020_NGP_final\client\finalProject\enemyNode.cpp(92,38): message : 원인: 'Bullet *'에서 'const _Ty'(으)로 변환할 수 없습니다.
          with
          [
              _Ty=Bullet
          ]
C:\Users\admin\Desktop\산기대\3학년 2학기\네트워크게임프로그래밍\텀프로젝트\2020_NGP_final\client\finalProject\enemyNode.cpp(92,38): message : 소스 형식을 가져올 수 있는 생성자가 없거나 생성자 오버로드 확인이 모호합니다.
C:\Program Files (x86)\Microsoft Visual Studio\2019\Community\VC\Tools\MSVC\14.27.29110\include\vector(716,10): message : 'std::vector<Bullet,std::allocator<Bullet>>::push_back' 선언을 참조하십시오.
C:\Users\admin\Desktop\산기대\3학년 2학기\네트워크게임프로그래밍\텀프로젝트\2020_NGP_final\client\finalProject\enemyNode.cpp(98,119): warning C4244: '인수': 'float'에서 'int'(으)로 변환하면서 데이터가 손실될 수 있습니다.
C:\Users\admin\Desktop\산기대\3학년 2학기\네트워크게임프로그래밍\텀프로젝트\2020_NGP_final\client\finalProject\enemyNode.cpp(99,36): error C2664: 'void std::vector<Drone,std::allocator<Drone>>::push_back(_Ty &&)': 인수 1을(를) 'Drone *'에서 'const _Ty &'(으)로 변환할 수 없습니다.
          with
          [
              _Ty=Drone
          ]
C:\Users\admin\Desktop\산기대\3학년 2학기\네트워크게임프로그래밍\텀프로젝트\2020_NGP_final\client\finalProject\enemyNode.cpp(99,36): message : 원인: 'Drone *'에서 'const _Ty'(으)로 변환할 수 없습니다.
          with
          [
              _Ty=Drone
          ]
C:\Users\admin\Desktop\산기대\3학년 2학기\네트워크게임프로그래밍\텀프로젝트\2020_NGP_final\client\finalProject\enemyNode.cpp(99,36): message : 소스 형식을 가져올 수 있는 생성자가 없거나 생성자 오버로드 확인이 모호합니다.
C:\Program Files (x86)\Microsoft Visual Studio\2019\Community\VC\Tools\MSVC\14.27.29110\include\vector(716,10): message : 'std::vector<Drone,std::allocator<Drone>>::push_back' 선언을 참조하십시오.
C:\Users\admin\Desktop\산기대\3학년 2학기\네트워크게임프로그래밍\텀프로젝트\2020_NGP_final\client\finalProject\enemyNode.cpp(105,30): error C2664: 'std::_Vector_iterator<std::_Vector_val<std::_Simple_types<_Ty>>> std::vector<_Ty,std::allocator<_Ty>>::erase(std::_Vector_const_iterator<std::_Vector_val<std::_Simple_types<_Ty>>>,std::_Vector_const_iterator<std::_Vector_val<std::_Simple_types<_Ty>>>) noexcept(<expr>)': 인수 1을(를) 'int'에서 'std::_Vector_const_iterator<std::_Vector_val<std::_Simple_types<_Ty>>>'(으)로 변환할 수 없습니다.
          with
          [
              _Ty=Bullet
          ]
C:\Users\admin\Desktop\산기대\3학년 2학기\네트워크게임프로그래밍\텀프로젝트\2020_NGP_final\client\finalProject\enemyNode.cpp(105,30): message : 소스 형식을 가져올 수 있는 생성자가 없거나 생성자 오버로드 확인이 모호합니다.
C:\Program Files (x86)\Microsoft Visual Studio\2019\Community\VC\Tools\MSVC\14.27.29110\include\vector(1341,14): message : 'std::vector<Bullet,std::allocator<Bullet>>::erase' 선언을 참조하십시오.
C:\Users\admin\Desktop\산기대\3학년 2학기\네트워크게임프로그래밍\텀프로젝트\2020_NGP_final\client\finalProject\enemyNode.cpp(112,29): error C2664: 'std::_Vector_iterator<std::_Vector_val<std::_Simple_types<_Ty>>> std::vector<_Ty,std::allocator<_Ty>>::erase(std::_Vector_const_iterator<std::_Vector_val<std::_Simple_types<_Ty>>>,std::_Vector_const_iterator<std::_Vector_val<std::_Simple_types<_Ty>>>) noexcept(<expr>)': 인수 1을(를) 'int'에서 'std::_Vector_const_iterator<std::_Vector_val<std::_Simple_types<_Ty>>>'(으)로 변환할 수 없습니다.
          with
          [
              _Ty=Drone
          ]
C:\Users\admin\Desktop\산기대\3학년 2학기\네트워크게임프로그래밍\텀프로젝트\2020_NGP_final\client\finalProject\enemyNode.cpp(112,29): message : 소스 형식을 가져올 수 있는 생성자가 없거나 생성자 오버로드 확인이 모호합니다.
C:\Program Files (x86)\Microsoft Visual Studio\2019\Community\VC\Tools\MSVC\14.27.29110\include\vector(1341,14): message : 'std::vector<Drone,std::allocator<Drone>>::erase' 선언을 참조하십시오.
  playerNode.cpp
C:\Users\admin\Desktop\산기대\3학년 2학기\네트워크게임프로그래밍\텀프로젝트\2020_NGP_final\client\finalProject\stdafx.h(79,25): warning C4244: '초기화 중': 'int'에서 'float'(으)로 변환하면서 데이터가 손실될 수 있습니다.
C:\Users\admin\Desktop\산기대\3학년 2학기\네트워크게임프로그래밍\텀프로젝트\2020_NGP_final\client\finalProject\stdafx.h(79,31): warning C4244: '초기화 중': 'int'에서 'float'(으)로 변환하면서 데이터가 손실될 수 있습니다.
C:\Users\admin\Desktop\산기대\3학년 2학기\네트워크게임프로그래밍\텀프로젝트\2020_NGP_final\client\finalProject\stdafx.h(87,8): warning C4244: '=': 'LONG'에서 'float'(으)로 변환하면서 데이터가 손실될 수 있습니다.
C:\Users\admin\Desktop\산기대\3학년 2학기\네트워크게임프로그래밍\텀프로젝트\2020_NGP_final\client\finalProject\stdafx.h(88,8): warning C4244: '=': 'LONG'에서 'float'(으)로 변환하면서 데이터가 손실될 수 있습니다.
C:\Users\admin\Desktop\산기대\3학년 2학기\네트워크게임프로그래밍\텀프로젝트\2020_NGP_final\client\finalProject\playerNode.h(42,36): warning C4244: '=': 'int'에서 'float'(으)로 변환하면서 데이터가 손실될 수 있습니다.
C:\Users\admin\Desktop\산기대\3학년 2학기\네트워크게임프로그래밍\텀프로젝트\2020_NGP_final\client\finalProject\playerNode.cpp(15,21): warning C4244: '인수': 'float'에서 'int'(으)로 변환하면서 데이터가 손실될 수 있습니다.
C:\Users\admin\Desktop\산기대\3학년 2학기\네트워크게임프로그래밍\텀프로젝트\2020_NGP_final\client\finalProject\playerNode.cpp(15,16): warning C4244: '인수': 'float'에서 'int'(으)로 변환하면서 데이터가 손실될 수 있습니다.
C:\Users\admin\Desktop\산기대\3학년 2학기\네트워크게임프로그래밍\텀프로젝트\2020_NGP_final\client\finalProject\playerNode.cpp(31,36): warning C4244: '인수': 'float'에서 'int'(으)로 변환하면서 데이터가 손실될 수 있습니다.
C:\Users\admin\Desktop\산기대\3학년 2학기\네트워크게임프로그래밍\텀프로젝트\2020_NGP_final\client\finalProject\playerNode.cpp(31,27): warning C4244: '인수': 'float'에서 'int'(으)로 변환하면서 데이터가 손실될 수 있습니다.
C:\Users\admin\Desktop\산기대\3학년 2학기\네트워크게임프로그래밍\텀프로젝트\2020_NGP_final\client\finalProject\playerNode.cpp(41,36): warning C4244: '인수': 'float'에서 'int'(으)로 변환하면서 데이터가 손실될 수 있습니다.
C:\Users\admin\Desktop\산기대\3학년 2학기\네트워크게임프로그래밍\텀프로젝트\2020_NGP_final\client\finalProject\playerNode.cpp(41,27): warning C4244: '인수': 'float'에서 'int'(으)로 변환하면서 데이터가 손실될 수 있습니다.
C:\Users\admin\Desktop\산기대\3학년 2학기\네트워크게임프로그래밍\텀프로젝트\2020_NGP_final\client\finalProject\playerNode.cpp(69,36): warning C4244: '인수': 'float'에서 'int'(으)로 변환하면서 데이터가 손실될 수 있습니다.
C:\Users\admin\Desktop\산기대\3학년 2학기\네트워크게임프로그래밍\텀프로젝트\2020_NGP_final\client\finalProject\playerNode.cpp(69,27): warning C4244: '인수': 'float'에서 'int'(으)로 변환하면서 데이터가 손실될 수 있습니다.
C:\Users\admin\Desktop\산기대\3학년 2학기\네트워크게임프로그래밍\텀프로젝트\2020_NGP_final\client\finalProject\playerNode.cpp(129,138): warning C4244: '인수': 'float'에서 'int'(으)로 변환하면서 데이터가 손실될 수 있습니다.
C:\Users\admin\Desktop\산기대\3학년 2학기\네트워크게임프로그래밍\텀프로젝트\2020_NGP_final\client\finalProject\playerNode.cpp(129,126): warning C4244: '인수': 'float'에서 'int'(으)로 변환하면서 데이터가 손실될 수 있습니다.
C:\Users\admin\Desktop\산기대\3학년 2학기\네트워크게임프로그래밍\텀프로젝트\2020_NGP_final\client\finalProject\playerNode.cpp(130,39): error C2664: 'void std::vector<Bullet,std::allocator<Bullet>>::push_back(_Ty &&)': 인수 1을(를) 'Bullet *'에서 'const _Ty &'(으)로 변환할 수 없습니다.
          with
          [
              _Ty=Bullet
          ]
C:\Users\admin\Desktop\산기대\3학년 2학기\네트워크게임프로그래밍\텀프로젝트\2020_NGP_final\client\finalProject\playerNode.cpp(130,39): message : 원인: 'Bullet *'에서 'const _Ty'(으)로 변환할 수 없습니다.
          with
          [
              _Ty=Bullet
          ]
C:\Users\admin\Desktop\산기대\3학년 2학기\네트워크게임프로그래밍\텀프로젝트\2020_NGP_final\client\finalProject\playerNode.cpp(130,39): message : 소스 형식을 가져올 수 있는 생성자가 없거나 생성자 오버로드 확인이 모호합니다.
C:\Program Files (x86)\Microsoft Visual Studio\2019\Community\VC\Tools\MSVC\14.27.29110\include\vector(716,10): message : 'std::vector<Bullet,std::allocator<Bullet>>::push_back' 선언을 참조하십시오.
C:\Users\admin\Desktop\산기대\3학년 2학기\네트워크게임프로그래밍\텀프로젝트\2020_NGP_final\client\finalProject\playerNode.cpp(136,114): warning C4244: '인수': 'float'에서 'int'(으)로 변환하면서 데이터가 손실될 수 있습니다.
C:\Users\admin\Desktop\산기대\3학년 2학기\네트워크게임프로그래밍\텀프로젝트\2020_NGP_final\client\finalProject\playerNode.cpp(137,37): error C2664: 'void std::vector<Drone,std::allocator<Drone>>::push_back(_Ty &&)': 인수 1을(를) 'Drone *'에서 'const _Ty &'(으)로 변환할 수 없습니다.
          with
          [
              _Ty=Drone
          ]
C:\Users\admin\Desktop\산기대\3학년 2학기\네트워크게임프로그래밍\텀프로젝트\2020_NGP_final\client\finalProject\playerNode.cpp(137,37): message : 원인: 'Drone *'에서 'const _Ty'(으)로 변환할 수 없습니다.
          with
          [
              _Ty=Drone
          ]
C:\Users\admin\Desktop\산기대\3학년 2학기\네트워크게임프로그래밍\텀프로젝트\2020_NGP_final\client\finalProject\playerNode.cpp(137,37): message : 소스 형식을 가져올 수 있는 생성자가 없거나 생성자 오버로드 확인이 모호합니다.
C:\Program Files (x86)\Microsoft Visual Studio\2019\Community\VC\Tools\MSVC\14.27.29110\include\vector(716,10): message : 'std::vector<Drone,std::allocator<Drone>>::push_back' 선언을 참조하십시오.
C:\Users\admin\Desktop\산기대\3학년 2학기\네트워크게임프로그래밍\텀프로젝트\2020_NGP_final\client\finalProject\playerNode.cpp(143,31): error C2664: 'std::_Vector_iterator<std::_Vector_val<std::_Simple_types<_Ty>>> std::vector<_Ty,std::allocator<_Ty>>::erase(std::_Vector_const_iterator<std::_Vector_val<std::_Simple_types<_Ty>>>,std::_Vector_const_iterator<std::_Vector_val<std::_Simple_types<_Ty>>>) noexcept(<expr>)': 인수 1을(를) 'int'에서 'std::_Vector_const_iterator<std::_Vector_val<std::_Simple_types<_Ty>>>'(으)로 변환할 수 없습니다.
          with
          [
              _Ty=Bullet
          ]
C:\Users\admin\Desktop\산기대\3학년 2학기\네트워크게임프로그래밍\텀프로젝트\2020_NGP_final\client\finalProject\playerNode.cpp(143,31): message : 소스 형식을 가져올 수 있는 생성자가 없거나 생성자 오버로드 확인이 모호합니다.
C:\Program Files (x86)\Microsoft Visual Studio\2019\Community\VC\Tools\MSVC\14.27.29110\include\vector(1341,14): message : 'std::vector<Bullet,std::allocator<Bullet>>::erase' 선언을 참조하십시오.
C:\Users\admin\Desktop\산기대\3학년 2학기\네트워크게임프로그래밍\텀프로젝트\2020_NGP_final\client\finalProject\playerNode.cpp(150,30): error C2664: 'std::_Vector_iterator<std::_Vector_val<std::_Simple_types<_Ty>>> std::vector<_Ty,std::allocator<_Ty>>::erase(std::_Vector_const_iterator<std::_Vector_val<std::_Simple_types<_Ty>>>,std::_Vector_const_iterator<std::_Vector_val<std::_Simple_types<_Ty>>>) noexcept(<expr>)': 인수 1을(를) 'int'에서 'std::_Vector_const_iterator<std::_Vector_val<std::_Simple_types<_Ty>>>'(으)로 변환할 수 없습니다.
          with
          [
              _Ty=Drone
          ]
C:\Users\admin\Desktop\산기대\3학년 2학기\네트워크게임프로그래밍\텀프로젝트\2020_NGP_final\client\finalProject\playerNode.cpp(150,30): message : 소스 형식을 가져올 수 있는 생성자가 없거나 생성자 오버로드 확인이 모호합니다.
C:\Program Files (x86)\Microsoft Visual Studio\2019\Community\VC\Tools\MSVC\14.27.29110\include\vector(1341,14): message : 'std::vector<Drone,std::allocator<Drone>>::erase' 선언을 참조하십시오.
