  PlayerBottom.cpp
F:\보관자료\학교\2020 2학기\NGP\NGP_final\server\finalProject\stdafx.h(69,25): warning C4244: '초기화 중': 'int'에서 'float'(으)로 변환하면서 데이터가 손실될 수 있습니다.
F:\보관자료\학교\2020 2학기\NGP\NGP_final\server\finalProject\stdafx.h(69,31): warning C4244: '초기화 중': 'int'에서 'float'(으)로 변환하면서 데이터가 손실될 수 있습니다.
F:\보관자료\학교\2020 2학기\NGP\NGP_final\server\finalProject\stdafx.h(77,8): warning C4244: '=': 'LONG'에서 'float'(으)로 변환하면서 데이터가 손실될 수 있습니다.
F:\보관자료\학교\2020 2학기\NGP\NGP_final\server\finalProject\stdafx.h(78,8): warning C4244: '=': 'LONG'에서 'float'(으)로 변환하면서 데이터가 손실될 수 있습니다.
  PlayerTop.cpp
F:\보관자료\학교\2020 2학기\NGP\NGP_final\server\finalProject\stdafx.h(69,25): warning C4244: '초기화 중': 'int'에서 'float'(으)로 변환하면서 데이터가 손실될 수 있습니다.
F:\보관자료\학교\2020 2학기\NGP\NGP_final\server\finalProject\stdafx.h(69,31): warning C4244: '초기화 중': 'int'에서 'float'(으)로 변환하면서 데이터가 손실될 수 있습니다.
F:\보관자료\학교\2020 2학기\NGP\NGP_final\server\finalProject\stdafx.h(77,8): warning C4244: '=': 'LONG'에서 'float'(으)로 변환하면서 데이터가 손실될 수 있습니다.
F:\보관자료\학교\2020 2학기\NGP\NGP_final\server\finalProject\stdafx.h(78,8): warning C4244: '=': 'LONG'에서 'float'(으)로 변환하면서 데이터가 손실될 수 있습니다.
  gameNode.cpp
F:\보관자료\학교\2020 2학기\NGP\NGP_final\server\finalProject\stdafx.h(69,25): warning C4244: '초기화 중': 'int'에서 'float'(으)로 변환하면서 데이터가 손실될 수 있습니다.
F:\보관자료\학교\2020 2학기\NGP\NGP_final\server\finalProject\stdafx.h(69,31): warning C4244: '초기화 중': 'int'에서 'float'(으)로 변환하면서 데이터가 손실될 수 있습니다.
F:\보관자료\학교\2020 2학기\NGP\NGP_final\server\finalProject\stdafx.h(77,8): warning C4244: '=': 'LONG'에서 'float'(으)로 변환하면서 데이터가 손실될 수 있습니다.
F:\보관자료\학교\2020 2학기\NGP\NGP_final\server\finalProject\stdafx.h(78,8): warning C4244: '=': 'LONG'에서 'float'(으)로 변환하면서 데이터가 손실될 수 있습니다.
F:\보관자료\학교\2020 2학기\NGP\NGP_final\server\finalProject\gameNode.cpp(81,35): warning C4244: '=': 'float'에서 'LONG'(으)로 변환하면서 데이터가 손실될 수 있습니다.
F:\보관자료\학교\2020 2학기\NGP\NGP_final\server\finalProject\gameNode.cpp(82,35): warning C4244: '=': 'float'에서 'LONG'(으)로 변환하면서 데이터가 손실될 수 있습니다.
F:\보관자료\학교\2020 2학기\NGP\NGP_final\server\finalProject\gameNode.cpp(76,6): warning C4101: 'hdc' :참조되지 않은 지역 변수입니다.
F:\보관자료\학교\2020 2학기\NGP\NGP_final\server\finalProject\gameNode.cpp(75,14): warning C4101: 'ps' :참조되지 않은 지역 변수입니다.
  mainGame.cpp
F:\보관자료\학교\2020 2학기\NGP\NGP_final\server\finalProject\stdafx.h(69,25): warning C4244: '초기화 중': 'int'에서 'float'(으)로 변환하면서 데이터가 손실될 수 있습니다.
F:\보관자료\학교\2020 2학기\NGP\NGP_final\server\finalProject\stdafx.h(69,31): warning C4244: '초기화 중': 'int'에서 'float'(으)로 변환하면서 데이터가 손실될 수 있습니다.
F:\보관자료\학교\2020 2학기\NGP\NGP_final\server\finalProject\stdafx.h(77,8): warning C4244: '=': 'LONG'에서 'float'(으)로 변환하면서 데이터가 손실될 수 있습니다.
F:\보관자료\학교\2020 2학기\NGP\NGP_final\server\finalProject\stdafx.h(78,8): warning C4244: '=': 'LONG'에서 'float'(으)로 변환하면서 데이터가 손실될 수 있습니다.
  playerNode.cpp
F:\보관자료\학교\2020 2학기\NGP\NGP_final\server\finalProject\stdafx.h(69,25): warning C4244: '초기화 중': 'int'에서 'float'(으)로 변환하면서 데이터가 손실될 수 있습니다.
F:\보관자료\학교\2020 2학기\NGP\NGP_final\server\finalProject\stdafx.h(69,31): warning C4244: '초기화 중': 'int'에서 'float'(으)로 변환하면서 데이터가 손실될 수 있습니다.
F:\보관자료\학교\2020 2학기\NGP\NGP_final\server\finalProject\stdafx.h(77,8): warning C4244: '=': 'LONG'에서 'float'(으)로 변환하면서 데이터가 손실될 수 있습니다.
F:\보관자료\학교\2020 2학기\NGP\NGP_final\server\finalProject\stdafx.h(78,8): warning C4244: '=': 'LONG'에서 'float'(으)로 변환하면서 데이터가 손실될 수 있습니다.
F:\보관자료\학교\2020 2학기\NGP\NGP_final\server\finalProject\playerNode.cpp(14,21): warning C4244: '인수': 'float'에서 'int'(으)로 변환하면서 데이터가 손실될 수 있습니다.
F:\보관자료\학교\2020 2학기\NGP\NGP_final\server\finalProject\playerNode.cpp(14,16): warning C4244: '인수': 'float'에서 'int'(으)로 변환하면서 데이터가 손실될 수 있습니다.
F:\보관자료\학교\2020 2학기\NGP\NGP_final\server\finalProject\playerNode.cpp(30,36): warning C4244: '인수': 'float'에서 'int'(으)로 변환하면서 데이터가 손실될 수 있습니다.
F:\보관자료\학교\2020 2학기\NGP\NGP_final\server\finalProject\playerNode.cpp(30,27): warning C4244: '인수': 'float'에서 'int'(으)로 변환하면서 데이터가 손실될 수 있습니다.
F:\보관자료\학교\2020 2학기\NGP\NGP_final\server\finalProject\playerNode.cpp(41,36): warning C4244: '인수': 'float'에서 'int'(으)로 변환하면서 데이터가 손실될 수 있습니다.
F:\보관자료\학교\2020 2학기\NGP\NGP_final\server\finalProject\playerNode.cpp(41,27): warning C4244: '인수': 'float'에서 'int'(으)로 변환하면서 데이터가 손실될 수 있습니다.
  sceneManager.cpp
F:\보관자료\학교\2020 2학기\NGP\NGP_final\server\finalProject\stdafx.h(69,25): warning C4244: '초기화 중': 'int'에서 'float'(으)로 변환하면서 데이터가 손실될 수 있습니다.
F:\보관자료\학교\2020 2학기\NGP\NGP_final\server\finalProject\stdafx.h(69,31): warning C4244: '초기화 중': 'int'에서 'float'(으)로 변환하면서 데이터가 손실될 수 있습니다.
F:\보관자료\학교\2020 2학기\NGP\NGP_final\server\finalProject\stdafx.h(77,8): warning C4244: '=': 'LONG'에서 'float'(으)로 변환하면서 데이터가 손실될 수 있습니다.
F:\보관자료\학교\2020 2학기\NGP\NGP_final\server\finalProject\stdafx.h(78,8): warning C4244: '=': 'LONG'에서 'float'(으)로 변환하면서 데이터가 손실될 수 있습니다.
  winMain.cpp
F:\보관자료\학교\2020 2학기\NGP\NGP_final\server\finalProject\stdafx.h(69,25): warning C4244: '초기화 중': 'int'에서 'float'(으)로 변환하면서 데이터가 손실될 수 있습니다.
F:\보관자료\학교\2020 2학기\NGP\NGP_final\server\finalProject\stdafx.h(69,31): warning C4244: '초기화 중': 'int'에서 'float'(으)로 변환하면서 데이터가 손실될 수 있습니다.
F:\보관자료\학교\2020 2학기\NGP\NGP_final\server\finalProject\stdafx.h(77,8): warning C4244: '=': 'LONG'에서 'float'(으)로 변환하면서 데이터가 손실될 수 있습니다.
F:\보관자료\학교\2020 2학기\NGP\NGP_final\server\finalProject\stdafx.h(78,8): warning C4244: '=': 'LONG'에서 'float'(으)로 변환하면서 데이터가 손실될 수 있습니다.
  코드를 생성하고 있습니다...
  finalProject.vcxproj -> F:\보관자료\학교\2020 2학기\NGP\NGP_final\server\Debug\finalProject.exe
