  Bullet.cpp
F:\보관자료\학교\2020 2학기\NGP\NGP_final\client\finalProject\stdafx.h(79,25): warning C4244: '초기화 중': 'int'에서 'float'(으)로 변환하면서 데이터가 손실될 수 있습니다.
F:\보관자료\학교\2020 2학기\NGP\NGP_final\client\finalProject\stdafx.h(79,31): warning C4244: '초기화 중': 'int'에서 'float'(으)로 변환하면서 데이터가 손실될 수 있습니다.
F:\보관자료\학교\2020 2학기\NGP\NGP_final\client\finalProject\stdafx.h(87,8): warning C4244: '=': 'LONG'에서 'float'(으)로 변환하면서 데이터가 손실될 수 있습니다.
F:\보관자료\학교\2020 2학기\NGP\NGP_final\client\finalProject\stdafx.h(88,8): warning C4244: '=': 'LONG'에서 'float'(으)로 변환하면서 데이터가 손실될 수 있습니다.
F:\보관자료\학교\2020 2학기\NGP\NGP_final\client\finalProject\Bullet.cpp(13,21): warning C4244: '인수': 'float'에서 'int'(으)로 변환하면서 데이터가 손실될 수 있습니다.
F:\보관자료\학교\2020 2학기\NGP\NGP_final\client\finalProject\Bullet.cpp(13,16): warning C4244: '인수': 'float'에서 'int'(으)로 변환하면서 데이터가 손실될 수 있습니다.
F:\보관자료\학교\2020 2학기\NGP\NGP_final\client\finalProject\Bullet.cpp(25,36): warning C4244: '인수': 'float'에서 'int'(으)로 변환하면서 데이터가 손실될 수 있습니다.
F:\보관자료\학교\2020 2학기\NGP\NGP_final\client\finalProject\Bullet.cpp(25,27): warning C4244: '인수': 'float'에서 'int'(으)로 변환하면서 데이터가 손실될 수 있습니다.
F:\보관자료\학교\2020 2학기\NGP\NGP_final\client\finalProject\Bullet.cpp(33,36): warning C4244: '인수': 'float'에서 'int'(으)로 변환하면서 데이터가 손실될 수 있습니다.
F:\보관자료\학교\2020 2학기\NGP\NGP_final\client\finalProject\Bullet.cpp(33,27): warning C4244: '인수': 'float'에서 'int'(으)로 변환하면서 데이터가 손실될 수 있습니다.
F:\보관자료\학교\2020 2학기\NGP\NGP_final\client\finalProject\Bullet.cpp(39,36): warning C4244: '인수': 'float'에서 'int'(으)로 변환하면서 데이터가 손실될 수 있습니다.
F:\보관자료\학교\2020 2학기\NGP\NGP_final\client\finalProject\Bullet.cpp(39,27): warning C4244: '인수': 'float'에서 'int'(으)로 변환하면서 데이터가 손실될 수 있습니다.
  Client.cpp
F:\보관자료\학교\2020 2학기\NGP\NGP_final\client\finalProject\stdafx.h(79,25): warning C4244: '초기화 중': 'int'에서 'float'(으)로 변환하면서 데이터가 손실될 수 있습니다.
F:\보관자료\학교\2020 2학기\NGP\NGP_final\client\finalProject\stdafx.h(79,31): warning C4244: '초기화 중': 'int'에서 'float'(으)로 변환하면서 데이터가 손실될 수 있습니다.
F:\보관자료\학교\2020 2학기\NGP\NGP_final\client\finalProject\stdafx.h(87,8): warning C4244: '=': 'LONG'에서 'float'(으)로 변환하면서 데이터가 손실될 수 있습니다.
F:\보관자료\학교\2020 2학기\NGP\NGP_final\client\finalProject\stdafx.h(88,8): warning C4244: '=': 'LONG'에서 'float'(으)로 변환하면서 데이터가 손실될 수 있습니다.
F:\보관자료\학교\2020 2학기\NGP\NGP_final\client\finalProject\playerNode.h(42,36): warning C4244: '=': 'int'에서 'float'(으)로 변환하면서 데이터가 손실될 수 있습니다.
F:\보관자료\학교\2020 2학기\NGP\NGP_final\client\finalProject\enemyNode.h(42,36): warning C4244: '=': 'int'에서 'float'(으)로 변환하면서 데이터가 손실될 수 있습니다.
F:\보관자료\학교\2020 2학기\NGP\NGP_final\client\finalProject\Client.cpp(28,1): warning C4996: 'inet_addr': Use inet_pton() or InetPton() instead or define _WINSOCK_DEPRECATED_NO_WARNINGS to disable deprecated API warnings
C:\Program Files (x86)\Windows Kits\10\Include\10.0.18362.0\um\winsock2.h(1831): message : 'inet_addr' 선언을 참조하십시오.
  collision.cpp
F:\보관자료\학교\2020 2학기\NGP\NGP_final\client\finalProject\stdafx.h(79,25): warning C4244: '초기화 중': 'int'에서 'float'(으)로 변환하면서 데이터가 손실될 수 있습니다.
F:\보관자료\학교\2020 2학기\NGP\NGP_final\client\finalProject\stdafx.h(79,31): warning C4244: '초기화 중': 'int'에서 'float'(으)로 변환하면서 데이터가 손실될 수 있습니다.
F:\보관자료\학교\2020 2학기\NGP\NGP_final\client\finalProject\stdafx.h(87,8): warning C4244: '=': 'LONG'에서 'float'(으)로 변환하면서 데이터가 손실될 수 있습니다.
F:\보관자료\학교\2020 2학기\NGP\NGP_final\client\finalProject\stdafx.h(88,8): warning C4244: '=': 'LONG'에서 'float'(으)로 변환하면서 데이터가 손실될 수 있습니다.
  Drone.cpp
F:\보관자료\학교\2020 2학기\NGP\NGP_final\client\finalProject\stdafx.h(79,25): warning C4244: '초기화 중': 'int'에서 'float'(으)로 변환하면서 데이터가 손실될 수 있습니다.
F:\보관자료\학교\2020 2학기\NGP\NGP_final\client\finalProject\stdafx.h(79,31): warning C4244: '초기화 중': 'int'에서 'float'(으)로 변환하면서 데이터가 손실될 수 있습니다.
F:\보관자료\학교\2020 2학기\NGP\NGP_final\client\finalProject\stdafx.h(87,8): warning C4244: '=': 'LONG'에서 'float'(으)로 변환하면서 데이터가 손실될 수 있습니다.
F:\보관자료\학교\2020 2학기\NGP\NGP_final\client\finalProject\stdafx.h(88,8): warning C4244: '=': 'LONG'에서 'float'(으)로 변환하면서 데이터가 손실될 수 있습니다.
F:\보관자료\학교\2020 2학기\NGP\NGP_final\client\finalProject\Drone.cpp(13,21): warning C4244: '인수': 'float'에서 'int'(으)로 변환하면서 데이터가 손실될 수 있습니다.
F:\보관자료\학교\2020 2학기\NGP\NGP_final\client\finalProject\Drone.cpp(13,16): warning C4244: '인수': 'float'에서 'int'(으)로 변환하면서 데이터가 손실될 수 있습니다.
F:\보관자료\학교\2020 2학기\NGP\NGP_final\client\finalProject\Drone.cpp(25,36): warning C4244: '인수': 'float'에서 'int'(으)로 변환하면서 데이터가 손실될 수 있습니다.
F:\보관자료\학교\2020 2학기\NGP\NGP_final\client\finalProject\Drone.cpp(25,27): warning C4244: '인수': 'float'에서 'int'(으)로 변환하면서 데이터가 손실될 수 있습니다.
F:\보관자료\학교\2020 2학기\NGP\NGP_final\client\finalProject\Drone.cpp(33,36): warning C4244: '인수': 'float'에서 'int'(으)로 변환하면서 데이터가 손실될 수 있습니다.
F:\보관자료\학교\2020 2학기\NGP\NGP_final\client\finalProject\Drone.cpp(33,27): warning C4244: '인수': 'float'에서 'int'(으)로 변환하면서 데이터가 손실될 수 있습니다.
F:\보관자료\학교\2020 2학기\NGP\NGP_final\client\finalProject\Drone.cpp(39,36): warning C4244: '인수': 'float'에서 'int'(으)로 변환하면서 데이터가 손실될 수 있습니다.
F:\보관자료\학교\2020 2학기\NGP\NGP_final\client\finalProject\Drone.cpp(39,27): warning C4244: '인수': 'float'에서 'int'(으)로 변환하면서 데이터가 손실될 수 있습니다.
  enemyNode.cpp
F:\보관자료\학교\2020 2학기\NGP\NGP_final\client\finalProject\stdafx.h(79,25): warning C4244: '초기화 중': 'int'에서 'float'(으)로 변환하면서 데이터가 손실될 수 있습니다.
F:\보관자료\학교\2020 2학기\NGP\NGP_final\client\finalProject\stdafx.h(79,31): warning C4244: '초기화 중': 'int'에서 'float'(으)로 변환하면서 데이터가 손실될 수 있습니다.
F:\보관자료\학교\2020 2학기\NGP\NGP_final\client\finalProject\stdafx.h(87,8): warning C4244: '=': 'LONG'에서 'float'(으)로 변환하면서 데이터가 손실될 수 있습니다.
F:\보관자료\학교\2020 2학기\NGP\NGP_final\client\finalProject\stdafx.h(88,8): warning C4244: '=': 'LONG'에서 'float'(으)로 변환하면서 데이터가 손실될 수 있습니다.
F:\보관자료\학교\2020 2학기\NGP\NGP_final\client\finalProject\enemyNode.h(42,36): warning C4244: '=': 'int'에서 'float'(으)로 변환하면서 데이터가 손실될 수 있습니다.
F:\보관자료\학교\2020 2학기\NGP\NGP_final\client\finalProject\enemyNode.cpp(15,21): warning C4244: '인수': 'float'에서 'int'(으)로 변환하면서 데이터가 손실될 수 있습니다.
F:\보관자료\학교\2020 2학기\NGP\NGP_final\client\finalProject\enemyNode.cpp(15,16): warning C4244: '인수': 'float'에서 'int'(으)로 변환하면서 데이터가 손실될 수 있습니다.
F:\보관자료\학교\2020 2학기\NGP\NGP_final\client\finalProject\enemyNode.cpp(32,36): warning C4244: '인수': 'float'에서 'int'(으)로 변환하면서 데이터가 손실될 수 있습니다.
F:\보관자료\학교\2020 2학기\NGP\NGP_final\client\finalProject\enemyNode.cpp(32,27): warning C4244: '인수': 'float'에서 'int'(으)로 변환하면서 데이터가 손실될 수 있습니다.
F:\보관자료\학교\2020 2학기\NGP\NGP_final\client\finalProject\enemyNode.cpp(42,36): warning C4244: '인수': 'float'에서 'int'(으)로 변환하면서 데이터가 손실될 수 있습니다.
F:\보관자료\학교\2020 2학기\NGP\NGP_final\client\finalProject\enemyNode.cpp(42,27): warning C4244: '인수': 'float'에서 'int'(으)로 변환하면서 데이터가 손실될 수 있습니다.
F:\보관자료\학교\2020 2학기\NGP\NGP_final\client\finalProject\enemyNode.cpp(69,36): warning C4244: '인수': 'float'에서 'int'(으)로 변환하면서 데이터가 손실될 수 있습니다.
F:\보관자료\학교\2020 2학기\NGP\NGP_final\client\finalProject\enemyNode.cpp(69,27): warning C4244: '인수': 'float'에서 'int'(으)로 변환하면서 데이터가 손실될 수 있습니다.
F:\보관자료\학교\2020 2학기\NGP\NGP_final\client\finalProject\enemyNode.cpp(91,136): warning C4244: '인수': 'float'에서 'int'(으)로 변환하면서 데이터가 손실될 수 있습니다.
F:\보관자료\학교\2020 2학기\NGP\NGP_final\client\finalProject\enemyNode.cpp(91,124): warning C4244: '인수': 'float'에서 'int'(으)로 변환하면서 데이터가 손실될 수 있습니다.
F:\보관자료\학교\2020 2학기\NGP\NGP_final\client\finalProject\enemyNode.cpp(98,119): warning C4244: '인수': 'float'에서 'int'(으)로 변환하면서 데이터가 손실될 수 있습니다.
  gameNode.cpp
F:\보관자료\학교\2020 2학기\NGP\NGP_final\client\finalProject\stdafx.h(79,25): warning C4244: '초기화 중': 'int'에서 'float'(으)로 변환하면서 데이터가 손실될 수 있습니다.
F:\보관자료\학교\2020 2학기\NGP\NGP_final\client\finalProject\stdafx.h(79,31): warning C4244: '초기화 중': 'int'에서 'float'(으)로 변환하면서 데이터가 손실될 수 있습니다.
F:\보관자료\학교\2020 2학기\NGP\NGP_final\client\finalProject\stdafx.h(87,8): warning C4244: '=': 'LONG'에서 'float'(으)로 변환하면서 데이터가 손실될 수 있습니다.
F:\보관자료\학교\2020 2학기\NGP\NGP_final\client\finalProject\stdafx.h(88,8): warning C4244: '=': 'LONG'에서 'float'(으)로 변환하면서 데이터가 손실될 수 있습니다.
F:\보관자료\학교\2020 2학기\NGP\NGP_final\client\finalProject\gameNode.cpp(83,35): warning C4244: '=': 'float'에서 'LONG'(으)로 변환하면서 데이터가 손실될 수 있습니다.
F:\보관자료\학교\2020 2학기\NGP\NGP_final\client\finalProject\gameNode.cpp(84,35): warning C4244: '=': 'float'에서 'LONG'(으)로 변환하면서 데이터가 손실될 수 있습니다.
F:\보관자료\학교\2020 2학기\NGP\NGP_final\client\finalProject\gameNode.cpp(78,6): warning C4101: 'hdc' :참조되지 않은 지역 변수입니다.
F:\보관자료\학교\2020 2학기\NGP\NGP_final\client\finalProject\gameNode.cpp(77,14): warning C4101: 'ps' :참조되지 않은 지역 변수입니다.
  image.cpp
F:\보관자료\학교\2020 2학기\NGP\NGP_final\client\finalProject\stdafx.h(79,25): warning C4244: '초기화 중': 'int'에서 'float'(으)로 변환하면서 데이터가 손실될 수 있습니다.
F:\보관자료\학교\2020 2학기\NGP\NGP_final\client\finalProject\stdafx.h(79,31): warning C4244: '초기화 중': 'int'에서 'float'(으)로 변환하면서 데이터가 손실될 수 있습니다.
F:\보관자료\학교\2020 2학기\NGP\NGP_final\client\finalProject\stdafx.h(87,8): warning C4244: '=': 'LONG'에서 'float'(으)로 변환하면서 데이터가 손실될 수 있습니다.
F:\보관자료\학교\2020 2학기\NGP\NGP_final\client\finalProject\stdafx.h(88,8): warning C4244: '=': 'LONG'에서 'float'(으)로 변환하면서 데이터가 손실될 수 있습니다.
F:\보관자료\학교\2020 2학기\NGP\NGP_final\client\finalProject\image.cpp(339,14): warning C4244: '인수': 'float'에서 'int'(으)로 변환하면서 데이터가 손실될 수 있습니다.
F:\보관자료\학교\2020 2학기\NGP\NGP_final\client\finalProject\image.cpp(338,14): warning C4244: '인수': 'float'에서 'int'(으)로 변환하면서 데이터가 손실될 수 있습니다.
F:\보관자료\학교\2020 2학기\NGP\NGP_final\client\finalProject\image.cpp(351,40): warning C4244: '인수': 'float'에서 'int'(으)로 변환하면서 데이터가 손실될 수 있습니다.
F:\보관자료\학교\2020 2학기\NGP\NGP_final\client\finalProject\image.cpp(351,25): warning C4244: '인수': 'float'에서 'int'(으)로 변환하면서 데이터가 손실될 수 있습니다.
F:\보관자료\학교\2020 2학기\NGP\NGP_final\client\finalProject\image.cpp(491,34): warning C4244: '인수': 'float'에서 'int'(으)로 변환하면서 데이터가 손실될 수 있습니다.
F:\보관자료\학교\2020 2학기\NGP\NGP_final\client\finalProject\image.cpp(491,19): warning C4244: '인수': 'float'에서 'int'(으)로 변환하면서 데이터가 손실될 수 있습니다.
F:\보관자료\학교\2020 2학기\NGP\NGP_final\client\finalProject\image.cpp(495,44): warning C4244: '인수': 'float'에서 'int'(으)로 변환하면서 데이터가 손실될 수 있습니다.
F:\보관자료\학교\2020 2학기\NGP\NGP_final\client\finalProject\image.cpp(495,29): warning C4244: '인수': 'float'에서 'int'(으)로 변환하면서 데이터가 손실될 수 있습니다.
F:\보관자료\학교\2020 2학기\NGP\NGP_final\client\finalProject\image.cpp(500,44): warning C4244: '인수': 'float'에서 'int'(으)로 변환하면서 데이터가 손실될 수 있습니다.
F:\보관자료\학교\2020 2학기\NGP\NGP_final\client\finalProject\image.cpp(500,29): warning C4244: '인수': 'float'에서 'int'(으)로 변환하면서 데이터가 손실될 수 있습니다.
  imageManager.cpp
F:\보관자료\학교\2020 2학기\NGP\NGP_final\client\finalProject\stdafx.h(79,25): warning C4244: '초기화 중': 'int'에서 'float'(으)로 변환하면서 데이터가 손실될 수 있습니다.
F:\보관자료\학교\2020 2학기\NGP\NGP_final\client\finalProject\stdafx.h(79,31): warning C4244: '초기화 중': 'int'에서 'float'(으)로 변환하면서 데이터가 손실될 수 있습니다.
F:\보관자료\학교\2020 2학기\NGP\NGP_final\client\finalProject\stdafx.h(87,8): warning C4244: '=': 'LONG'에서 'float'(으)로 변환하면서 데이터가 손실될 수 있습니다.
F:\보관자료\학교\2020 2학기\NGP\NGP_final\client\finalProject\stdafx.h(88,8): warning C4244: '=': 'LONG'에서 'float'(으)로 변환하면서 데이터가 손실될 수 있습니다.
  keyManager.cpp
F:\보관자료\학교\2020 2학기\NGP\NGP_final\client\finalProject\stdafx.h(79,25): warning C4244: '초기화 중': 'int'에서 'float'(으)로 변환하면서 데이터가 손실될 수 있습니다.
F:\보관자료\학교\2020 2학기\NGP\NGP_final\client\finalProject\stdafx.h(79,31): warning C4244: '초기화 중': 'int'에서 'float'(으)로 변환하면서 데이터가 손실될 수 있습니다.
F:\보관자료\학교\2020 2학기\NGP\NGP_final\client\finalProject\stdafx.h(87,8): warning C4244: '=': 'LONG'에서 'float'(으)로 변환하면서 데이터가 손실될 수 있습니다.
F:\보관자료\학교\2020 2학기\NGP\NGP_final\client\finalProject\stdafx.h(88,8): warning C4244: '=': 'LONG'에서 'float'(으)로 변환하면서 데이터가 손실될 수 있습니다.
  mainGame.cpp
F:\보관자료\학교\2020 2학기\NGP\NGP_final\client\finalProject\stdafx.h(79,25): warning C4244: '초기화 중': 'int'에서 'float'(으)로 변환하면서 데이터가 손실될 수 있습니다.
F:\보관자료\학교\2020 2학기\NGP\NGP_final\client\finalProject\stdafx.h(79,31): warning C4244: '초기화 중': 'int'에서 'float'(으)로 변환하면서 데이터가 손실될 수 있습니다.
F:\보관자료\학교\2020 2학기\NGP\NGP_final\client\finalProject\stdafx.h(87,8): warning C4244: '=': 'LONG'에서 'float'(으)로 변환하면서 데이터가 손실될 수 있습니다.
F:\보관자료\학교\2020 2학기\NGP\NGP_final\client\finalProject\stdafx.h(88,8): warning C4244: '=': 'LONG'에서 'float'(으)로 변환하면서 데이터가 손실될 수 있습니다.
F:\보관자료\학교\2020 2학기\NGP\NGP_final\client\finalProject\playerNode.h(42,36): warning C4244: '=': 'int'에서 'float'(으)로 변환하면서 데이터가 손실될 수 있습니다.
F:\보관자료\학교\2020 2학기\NGP\NGP_final\client\finalProject\enemyNode.h(42,36): warning C4244: '=': 'int'에서 'float'(으)로 변환하면서 데이터가 손실될 수 있습니다.
  playerNode.cpp
F:\보관자료\학교\2020 2학기\NGP\NGP_final\client\finalProject\stdafx.h(79,25): warning C4244: '초기화 중': 'int'에서 'float'(으)로 변환하면서 데이터가 손실될 수 있습니다.
F:\보관자료\학교\2020 2학기\NGP\NGP_final\client\finalProject\stdafx.h(79,31): warning C4244: '초기화 중': 'int'에서 'float'(으)로 변환하면서 데이터가 손실될 수 있습니다.
F:\보관자료\학교\2020 2학기\NGP\NGP_final\client\finalProject\stdafx.h(87,8): warning C4244: '=': 'LONG'에서 'float'(으)로 변환하면서 데이터가 손실될 수 있습니다.
F:\보관자료\학교\2020 2학기\NGP\NGP_final\client\finalProject\stdafx.h(88,8): warning C4244: '=': 'LONG'에서 'float'(으)로 변환하면서 데이터가 손실될 수 있습니다.
F:\보관자료\학교\2020 2학기\NGP\NGP_final\client\finalProject\playerNode.h(42,36): warning C4244: '=': 'int'에서 'float'(으)로 변환하면서 데이터가 손실될 수 있습니다.
F:\보관자료\학교\2020 2학기\NGP\NGP_final\client\finalProject\playerNode.cpp(15,21): warning C4244: '인수': 'float'에서 'int'(으)로 변환하면서 데이터가 손실될 수 있습니다.
F:\보관자료\학교\2020 2학기\NGP\NGP_final\client\finalProject\playerNode.cpp(15,16): warning C4244: '인수': 'float'에서 'int'(으)로 변환하면서 데이터가 손실될 수 있습니다.
F:\보관자료\학교\2020 2학기\NGP\NGP_final\client\finalProject\playerNode.cpp(31,36): warning C4244: '인수': 'float'에서 'int'(으)로 변환하면서 데이터가 손실될 수 있습니다.
F:\보관자료\학교\2020 2학기\NGP\NGP_final\client\finalProject\playerNode.cpp(31,27): warning C4244: '인수': 'float'에서 'int'(으)로 변환하면서 데이터가 손실될 수 있습니다.
F:\보관자료\학교\2020 2학기\NGP\NGP_final\client\finalProject\playerNode.cpp(41,36): warning C4244: '인수': 'float'에서 'int'(으)로 변환하면서 데이터가 손실될 수 있습니다.
F:\보관자료\학교\2020 2학기\NGP\NGP_final\client\finalProject\playerNode.cpp(41,27): warning C4244: '인수': 'float'에서 'int'(으)로 변환하면서 데이터가 손실될 수 있습니다.
F:\보관자료\학교\2020 2학기\NGP\NGP_final\client\finalProject\playerNode.cpp(69,36): warning C4244: '인수': 'float'에서 'int'(으)로 변환하면서 데이터가 손실될 수 있습니다.
F:\보관자료\학교\2020 2학기\NGP\NGP_final\client\finalProject\playerNode.cpp(69,27): warning C4244: '인수': 'float'에서 'int'(으)로 변환하면서 데이터가 손실될 수 있습니다.
F:\보관자료\학교\2020 2학기\NGP\NGP_final\client\finalProject\playerNode.cpp(129,138): warning C4244: '인수': 'float'에서 'int'(으)로 변환하면서 데이터가 손실될 수 있습니다.
F:\보관자료\학교\2020 2학기\NGP\NGP_final\client\finalProject\playerNode.cpp(129,126): warning C4244: '인수': 'float'에서 'int'(으)로 변환하면서 데이터가 손실될 수 있습니다.
F:\보관자료\학교\2020 2학기\NGP\NGP_final\client\finalProject\playerNode.cpp(136,114): warning C4244: '인수': 'float'에서 'int'(으)로 변환하면서 데이터가 손실될 수 있습니다.
  sceneManager.cpp
F:\보관자료\학교\2020 2학기\NGP\NGP_final\client\finalProject\stdafx.h(79,25): warning C4244: '초기화 중': 'int'에서 'float'(으)로 변환하면서 데이터가 손실될 수 있습니다.
F:\보관자료\학교\2020 2학기\NGP\NGP_final\client\finalProject\stdafx.h(79,31): warning C4244: '초기화 중': 'int'에서 'float'(으)로 변환하면서 데이터가 손실될 수 있습니다.
F:\보관자료\학교\2020 2학기\NGP\NGP_final\client\finalProject\stdafx.h(87,8): warning C4244: '=': 'LONG'에서 'float'(으)로 변환하면서 데이터가 손실될 수 있습니다.
F:\보관자료\학교\2020 2학기\NGP\NGP_final\client\finalProject\stdafx.h(88,8): warning C4244: '=': 'LONG'에서 'float'(으)로 변환하면서 데이터가 손실될 수 있습니다.
  soundManager.cpp
F:\보관자료\학교\2020 2학기\NGP\NGP_final\client\finalProject\stdafx.h(79,25): warning C4244: '초기화 중': 'int'에서 'float'(으)로 변환하면서 데이터가 손실될 수 있습니다.
F:\보관자료\학교\2020 2학기\NGP\NGP_final\client\finalProject\stdafx.h(79,31): warning C4244: '초기화 중': 'int'에서 'float'(으)로 변환하면서 데이터가 손실될 수 있습니다.
F:\보관자료\학교\2020 2학기\NGP\NGP_final\client\finalProject\stdafx.h(87,8): warning C4244: '=': 'LONG'에서 'float'(으)로 변환하면서 데이터가 손실될 수 있습니다.
F:\보관자료\학교\2020 2학기\NGP\NGP_final\client\finalProject\stdafx.h(88,8): warning C4244: '=': 'LONG'에서 'float'(으)로 변환하면서 데이터가 손실될 수 있습니다.
  stdafx.cpp
F:\보관자료\학교\2020 2학기\NGP\NGP_final\client\finalProject\stdafx.h(79,25): warning C4244: '초기화 중': 'int'에서 'float'(으)로 변환하면서 데이터가 손실될 수 있습니다.
F:\보관자료\학교\2020 2학기\NGP\NGP_final\client\finalProject\stdafx.h(79,31): warning C4244: '초기화 중': 'int'에서 'float'(으)로 변환하면서 데이터가 손실될 수 있습니다.
F:\보관자료\학교\2020 2학기\NGP\NGP_final\client\finalProject\stdafx.h(87,8): warning C4244: '=': 'LONG'에서 'float'(으)로 변환하면서 데이터가 손실될 수 있습니다.
F:\보관자료\학교\2020 2학기\NGP\NGP_final\client\finalProject\stdafx.h(88,8): warning C4244: '=': 'LONG'에서 'float'(으)로 변환하면서 데이터가 손실될 수 있습니다.
  timeManager.cpp
F:\보관자료\학교\2020 2학기\NGP\NGP_final\client\finalProject\stdafx.h(79,25): warning C4244: '초기화 중': 'int'에서 'float'(으)로 변환하면서 데이터가 손실될 수 있습니다.
F:\보관자료\학교\2020 2학기\NGP\NGP_final\client\finalProject\stdafx.h(79,31): warning C4244: '초기화 중': 'int'에서 'float'(으)로 변환하면서 데이터가 손실될 수 있습니다.
F:\보관자료\학교\2020 2학기\NGP\NGP_final\client\finalProject\stdafx.h(87,8): warning C4244: '=': 'LONG'에서 'float'(으)로 변환하면서 데이터가 손실될 수 있습니다.
F:\보관자료\학교\2020 2학기\NGP\NGP_final\client\finalProject\stdafx.h(88,8): warning C4244: '=': 'LONG'에서 'float'(으)로 변환하면서 데이터가 손실될 수 있습니다.
  timer.cpp
F:\보관자료\학교\2020 2학기\NGP\NGP_final\client\finalProject\stdafx.h(79,25): warning C4244: '초기화 중': 'int'에서 'float'(으)로 변환하면서 데이터가 손실될 수 있습니다.
F:\보관자료\학교\2020 2학기\NGP\NGP_final\client\finalProject\stdafx.h(79,31): warning C4244: '초기화 중': 'int'에서 'float'(으)로 변환하면서 데이터가 손실될 수 있습니다.
F:\보관자료\학교\2020 2학기\NGP\NGP_final\client\finalProject\stdafx.h(87,8): warning C4244: '=': 'LONG'에서 'float'(으)로 변환하면서 데이터가 손실될 수 있습니다.
F:\보관자료\학교\2020 2학기\NGP\NGP_final\client\finalProject\stdafx.h(88,8): warning C4244: '=': 'LONG'에서 'float'(으)로 변환하면서 데이터가 손실될 수 있습니다.
  utils.cpp
F:\보관자료\학교\2020 2학기\NGP\NGP_final\client\finalProject\stdafx.h(79,25): warning C4244: '초기화 중': 'int'에서 'float'(으)로 변환하면서 데이터가 손실될 수 있습니다.
F:\보관자료\학교\2020 2학기\NGP\NGP_final\client\finalProject\stdafx.h(79,31): warning C4244: '초기화 중': 'int'에서 'float'(으)로 변환하면서 데이터가 손실될 수 있습니다.
F:\보관자료\학교\2020 2학기\NGP\NGP_final\client\finalProject\stdafx.h(87,8): warning C4244: '=': 'LONG'에서 'float'(으)로 변환하면서 데이터가 손실될 수 있습니다.
F:\보관자료\학교\2020 2학기\NGP\NGP_final\client\finalProject\stdafx.h(88,8): warning C4244: '=': 'LONG'에서 'float'(으)로 변환하면서 데이터가 손실될 수 있습니다.
  winMain.cpp
F:\보관자료\학교\2020 2학기\NGP\NGP_final\client\finalProject\stdafx.h(79,25): warning C4244: '초기화 중': 'int'에서 'float'(으)로 변환하면서 데이터가 손실될 수 있습니다.
F:\보관자료\학교\2020 2학기\NGP\NGP_final\client\finalProject\stdafx.h(79,31): warning C4244: '초기화 중': 'int'에서 'float'(으)로 변환하면서 데이터가 손실될 수 있습니다.
F:\보관자료\학교\2020 2학기\NGP\NGP_final\client\finalProject\stdafx.h(87,8): warning C4244: '=': 'LONG'에서 'float'(으)로 변환하면서 데이터가 손실될 수 있습니다.
F:\보관자료\학교\2020 2학기\NGP\NGP_final\client\finalProject\stdafx.h(88,8): warning C4244: '=': 'LONG'에서 'float'(으)로 변환하면서 데이터가 손실될 수 있습니다.
  코드를 생성하고 있습니다...
F:\보관자료\학교\2020 2학기\NGP\NGP_final\client\finalProject\Client.cpp(39): warning C4715: 'Client::init': 모든 제어 경로에서 값을 반환하지는 않습니다.
  finalProject.vcxproj -> F:\보관자료\학교\2020 2학기\NGP\NGP_final\client\Debug\finalProject.exe
